14:31:13.579 [main] DEBUG org.testng.log4testng.Logger.debug(Logger.java:82)oggger - suiteXmlPath: "C:\Users\jampa\AppData\Local\Temp\testng-eclipse-2034698189\testng-customsuite.xml"
14:31:13.736 [main] INFO  org.testng.log4testng.Logger.info(Logger.java:112)oggger - [Utils] MethodGroupsHelper.collectMethodsByGroup() took 1 ms.
14:31:13.737 [main] INFO  org.testng.log4testng.Logger.info(Logger.java:112)oggger - [Utils] MethodGroupsHelper.sortMethods() took 0 ms.
14:31:13.738 [main] INFO  org.testng.log4testng.Logger.info(Logger.java:112)oggger - [Utils] MethodGroupsHelper.collectMethodsByGroup() took 0 ms.
14:31:13.738 [main] INFO  org.testng.log4testng.Logger.info(Logger.java:112)oggger - [Utils] MethodGroupsHelper.sortMethods() took 0 ms.
14:31:13.741 [main] INFO  org.testng.log4testng.Logger.info(Logger.java:112)oggger - [Utils] MethodGroupsHelper.collectMethodsByGroup() took 0 ms.
14:31:13.741 [main] INFO  org.testng.log4testng.Logger.info(Logger.java:112)oggger - [Utils] MethodGroupsHelper.sortMethods() took 0 ms.
14:31:13.742 [main] INFO  org.testng.log4testng.Logger.info(Logger.java:112)oggger - [Utils] MethodGroupsHelper.collectMethodsByGroup() took 0 ms.
14:31:13.742 [main] INFO  org.testng.log4testng.Logger.info(Logger.java:112)oggger - [Utils] MethodGroupsHelper.sortMethods() took 0 ms.
14:31:13.747 [main] INFO  org.testng.log4testng.Logger.info(Logger.java:112)oggger - [Utils] MethodGroupsHelper.collectMethodsByGroup() took 4 ms.
14:31:13.753 [main] INFO  org.testng.log4testng.Logger.info(Logger.java:112)oggger - [Utils] MethodGroupsHelper.sortMethods() took 5 ms.
14:31:13.755 [main] INFO  org.testng.log4testng.Logger.info(Logger.java:112)oggger - [Utils] MethodGroupsHelper.collectMethodsByGroup() took 0 ms.
14:31:13.755 [main] INFO  org.testng.log4testng.Logger.info(Logger.java:112)oggger - [Utils] MethodGroupsHelper.sortMethods() took 0 ms.
14:31:13.756 [main] INFO  org.testng.log4testng.Logger.info(Logger.java:112)oggger - [Utils] MethodGroupsHelper.collectMethodsByGroup() took 0 ms.
14:31:13.756 [main] INFO  org.testng.log4testng.Logger.info(Logger.java:112)oggger - [Utils] MethodGroupsHelper.sortMethods() took 0 ms.
14:31:13.756 [main] INFO  org.testng.log4testng.Logger.info(Logger.java:112)oggger - [Utils] MethodGroupsHelper.collectMethodsByGroup() took 0 ms.
14:31:13.756 [main] INFO  org.testng.log4testng.Logger.info(Logger.java:112)oggger - [Utils] MethodGroupsHelper.sortMethods() took 0 ms.
14:31:13.757 [main] INFO  org.testng.log4testng.Logger.info(Logger.java:112)oggger - [Utils] MethodGroupsHelper.collectMethodsByGroup() took 0 ms.
14:31:13.757 [main] INFO  org.testng.log4testng.Logger.info(Logger.java:112)oggger - [Utils] MethodGroupsHelper.sortMethods() took 0 ms.
14:31:13.757 [main] INFO  org.testng.log4testng.Logger.info(Logger.java:112)oggger - [Utils] MethodGroupsHelper.collectMethodsByGroup() took 0 ms.
14:31:13.758 [main] INFO  org.testng.log4testng.Logger.info(Logger.java:112)oggger - [Utils] MethodGroupsHelper.sortMethods() took 0 ms.
14:31:13.759 [main] INFO  org.testng.log4testng.Logger.info(Logger.java:112)oggger - [Utils] MethodGroupsHelper.collectMethodsByGroup() took 0 ms.
14:31:13.760 [main] INFO  org.testng.log4testng.Logger.info(Logger.java:112)oggger - [Utils] MethodGroupsHelper.sortMethods() took 0 ms.
14:31:13.760 [main] INFO  org.testng.log4testng.Logger.info(Logger.java:112)oggger - [Utils] MethodGroupsHelper.collectMethodsByGroup() took 0 ms.
14:31:13.760 [main] INFO  org.testng.log4testng.Logger.info(Logger.java:112)oggger - [Utils] MethodGroupsHelper.sortMethods() took 0 ms.
14:31:13.761 [main] INFO  org.testng.log4testng.Logger.info(Logger.java:112)oggger - [Utils] MethodGroupsHelper.collectMethodsByGroup() took 0 ms.
14:31:13.761 [main] INFO  org.testng.log4testng.Logger.info(Logger.java:112)oggger - [Utils] MethodGroupsHelper.sortMethods() took 0 ms.
14:31:13.762 [main] INFO  org.testng.log4testng.Logger.info(Logger.java:112)oggger - [Utils] MethodGroupsHelper.collectMethodsByGroup() took 0 ms.
14:31:13.762 [main] INFO  org.testng.log4testng.Logger.info(Logger.java:112)oggger - [Utils] MethodGroupsHelper.sortMethods() took 0 ms.
14:31:13.762 [main] INFO  org.testng.log4testng.Logger.info(Logger.java:112)oggger - [Utils] MethodGroupsHelper.collectMethodsByGroup() took 0 ms.
14:31:13.762 [main] INFO  org.testng.log4testng.Logger.info(Logger.java:112)oggger - [Utils] MethodGroupsHelper.sortMethods() took 0 ms.
14:31:13.768 [main] INFO  org.testng.log4testng.Logger.info(Logger.java:112)oggger - [TestNG] Running:
  C:\Users\jampa\AppData\Local\Temp\testng-eclipse-2034698189\testng-customsuite.xml

14:31:13.784 [main] INFO  org.testng.log4testng.Logger.info(Logger.java:112)oggger - [Utils] DynamicGraphHelper.createDynamicGraph() took 3 ms.
14:31:15.440 [main] INFO  testCases.TC001_AccountRegistrationTest.verify_account_registration(TC001_AccountRegistrationTest.java:15)oggger - ****Started TC001_AccountRegistrationTest Test case
14:31:15.510 [main] INFO  testCases.TC001_AccountRegistrationTest.verify_account_registration(TC001_AccountRegistrationTest.java:19)oggger - *Clicked on Account*
14:31:15.759 [main] INFO  testCases.TC001_AccountRegistrationTest.verify_account_registration(TC001_AccountRegistrationTest.java:21)oggger - *Clicked on Register*
14:31:15.761 [main] INFO  testCases.TC001_AccountRegistrationTest.verify_account_registration(TC001_AccountRegistrationTest.java:23)oggger - *Providing User details*
14:31:16.846 [main] INFO  testCases.TC001_AccountRegistrationTest.verify_account_registration(TC001_AccountRegistrationTest.java:33)oggger - *Validating expected meesage*
14:31:16.870 [main] ERROR testCases.TC001_AccountRegistrationTest.verify_account_registration(TC001_AccountRegistrationTest.java:40)oggger - *Test failed*
14:31:16.871 [main] DEBUG testCases.TC001_AccountRegistrationTest.verify_account_registration(TC001_AccountRegistrationTest.java:41)oggger - *debug logs
14:31:16.872 [main] INFO  testCases.TC001_AccountRegistrationTest.verify_account_registration(TC001_AccountRegistrationTest.java:50)oggger - *Test case finshed*
14:31:17.125 [main] INFO  org.testng.log4testng.Logger.info(Logger.java:112)oggger - [TestNG] Time taken by org.testng.reporters.jq.Main@4c27d39d: 46 ms
14:31:17.126 [main] INFO  org.testng.log4testng.Logger.info(Logger.java:112)oggger - [TestNG] Time taken by org.testng.reporters.FailedReporter@15923407: 1 ms
14:31:17.131 [main] INFO  org.testng.log4testng.Logger.info(Logger.java:112)oggger - [TestNG] Time taken by org.testng.reporters.XMLReporter@562c877a: 4 ms
14:31:17.135 [main] INFO  org.testng.log4testng.Logger.info(Logger.java:112)oggger - [TestNG] Time taken by org.testng.reporters.EmailableReporter2@3a022576: 4 ms
14:31:17.140 [main] INFO  org.testng.log4testng.Logger.info(Logger.java:112)oggger - [TestNG] Time taken by org.testng.reporters.JUnitReportReporter@1cbb3d3b: 4 ms
14:31:17.140 [main] INFO  org.testng.log4testng.Logger.info(Logger.java:112)oggger - [TestNG] Time taken by org.testng.internal.ExitCodeListener@529cfee5: 0 ms
14:31:44.006 [main] DEBUG org.testng.log4testng.Logger.debug(Logger.java:82)oggger - suiteXmlPath: "C:\Users\jampa\AppData\Local\Temp\testng-eclipse-1840830716\testng-customsuite.xml"
14:31:44.160 [main] INFO  org.testng.log4testng.Logger.info(Logger.java:112)oggger - [Utils] MethodGroupsHelper.collectMethodsByGroup() took 0 ms.
14:31:44.162 [main] INFO  org.testng.log4testng.Logger.info(Logger.java:112)oggger - [Utils] MethodGroupsHelper.sortMethods() took 1 ms.
14:31:44.163 [main] INFO  org.testng.log4testng.Logger.info(Logger.java:112)oggger - [Utils] MethodGroupsHelper.collectMethodsByGroup() took 0 ms.
14:31:44.163 [main] INFO  org.testng.log4testng.Logger.info(Logger.java:112)oggger - [Utils] MethodGroupsHelper.sortMethods() took 0 ms.
14:31:44.164 [main] INFO  org.testng.log4testng.Logger.info(Logger.java:112)oggger - [Utils] MethodGroupsHelper.collectMethodsByGroup() took 0 ms.
14:31:44.164 [main] INFO  org.testng.log4testng.Logger.info(Logger.java:112)oggger - [Utils] MethodGroupsHelper.sortMethods() took 0 ms.
14:31:44.165 [main] INFO  org.testng.log4testng.Logger.info(Logger.java:112)oggger - [Utils] MethodGroupsHelper.collectMethodsByGroup() took 0 ms.
14:31:44.165 [main] INFO  org.testng.log4testng.Logger.info(Logger.java:112)oggger - [Utils] MethodGroupsHelper.sortMethods() took 0 ms.
14:31:44.171 [main] INFO  org.testng.log4testng.Logger.info(Logger.java:112)oggger - [Utils] MethodGroupsHelper.collectMethodsByGroup() took 3 ms.
14:31:44.176 [main] INFO  org.testng.log4testng.Logger.info(Logger.java:112)oggger - [Utils] MethodGroupsHelper.sortMethods() took 4 ms.
14:31:44.177 [main] INFO  org.testng.log4testng.Logger.info(Logger.java:112)oggger - [Utils] MethodGroupsHelper.collectMethodsByGroup() took 0 ms.
14:31:44.177 [main] INFO  org.testng.log4testng.Logger.info(Logger.java:112)oggger - [Utils] MethodGroupsHelper.sortMethods() took 0 ms.
14:31:44.178 [main] INFO  org.testng.log4testng.Logger.info(Logger.java:112)oggger - [Utils] MethodGroupsHelper.collectMethodsByGroup() took 0 ms.
14:31:44.178 [main] INFO  org.testng.log4testng.Logger.info(Logger.java:112)oggger - [Utils] MethodGroupsHelper.sortMethods() took 0 ms.
14:31:44.178 [main] INFO  org.testng.log4testng.Logger.info(Logger.java:112)oggger - [Utils] MethodGroupsHelper.collectMethodsByGroup() took 0 ms.
14:31:44.178 [main] INFO  org.testng.log4testng.Logger.info(Logger.java:112)oggger - [Utils] MethodGroupsHelper.sortMethods() took 0 ms.
14:31:44.180 [main] INFO  org.testng.log4testng.Logger.info(Logger.java:112)oggger - [Utils] MethodGroupsHelper.collectMethodsByGroup() took 0 ms.
14:31:44.180 [main] INFO  org.testng.log4testng.Logger.info(Logger.java:112)oggger - [Utils] MethodGroupsHelper.sortMethods() took 0 ms.
14:31:44.180 [main] INFO  org.testng.log4testng.Logger.info(Logger.java:112)oggger - [Utils] MethodGroupsHelper.collectMethodsByGroup() took 0 ms.
14:31:44.181 [main] INFO  org.testng.log4testng.Logger.info(Logger.java:112)oggger - [Utils] MethodGroupsHelper.sortMethods() took 0 ms.
14:31:44.183 [main] INFO  org.testng.log4testng.Logger.info(Logger.java:112)oggger - [Utils] MethodGroupsHelper.collectMethodsByGroup() took 0 ms.
14:31:44.183 [main] INFO  org.testng.log4testng.Logger.info(Logger.java:112)oggger - [Utils] MethodGroupsHelper.sortMethods() took 0 ms.
14:31:44.183 [main] INFO  org.testng.log4testng.Logger.info(Logger.java:112)oggger - [Utils] MethodGroupsHelper.collectMethodsByGroup() took 0 ms.
14:31:44.183 [main] INFO  org.testng.log4testng.Logger.info(Logger.java:112)oggger - [Utils] MethodGroupsHelper.sortMethods() took 0 ms.
14:31:44.184 [main] INFO  org.testng.log4testng.Logger.info(Logger.java:112)oggger - [Utils] MethodGroupsHelper.collectMethodsByGroup() took 0 ms.
14:31:44.184 [main] INFO  org.testng.log4testng.Logger.info(Logger.java:112)oggger - [Utils] MethodGroupsHelper.sortMethods() took 0 ms.
14:31:44.185 [main] INFO  org.testng.log4testng.Logger.info(Logger.java:112)oggger - [Utils] MethodGroupsHelper.collectMethodsByGroup() took 0 ms.
14:31:44.185 [main] INFO  org.testng.log4testng.Logger.info(Logger.java:112)oggger - [Utils] MethodGroupsHelper.sortMethods() took 0 ms.
14:31:44.185 [main] INFO  org.testng.log4testng.Logger.info(Logger.java:112)oggger - [Utils] MethodGroupsHelper.collectMethodsByGroup() took 0 ms.
14:31:44.185 [main] INFO  org.testng.log4testng.Logger.info(Logger.java:112)oggger - [Utils] MethodGroupsHelper.sortMethods() took 0 ms.
14:31:44.191 [main] INFO  org.testng.log4testng.Logger.info(Logger.java:112)oggger - [TestNG] Running:
  C:\Users\jampa\AppData\Local\Temp\testng-eclipse-1840830716\testng-customsuite.xml

14:31:44.208 [main] INFO  org.testng.log4testng.Logger.info(Logger.java:112)oggger - [Utils] DynamicGraphHelper.createDynamicGraph() took 3 ms.
14:31:45.913 [main] INFO  testCases.TC001_AccountRegistrationTest.verify_account_registration(TC001_AccountRegistrationTest.java:15)oggger - ****Started TC001_AccountRegistrationTest Test case
14:31:45.991 [main] INFO  testCases.TC001_AccountRegistrationTest.verify_account_registration(TC001_AccountRegistrationTest.java:19)oggger - *Clicked on Account*
14:31:46.301 [main] INFO  testCases.TC001_AccountRegistrationTest.verify_account_registration(TC001_AccountRegistrationTest.java:21)oggger - *Clicked on Register*
14:31:46.304 [main] INFO  testCases.TC001_AccountRegistrationTest.verify_account_registration(TC001_AccountRegistrationTest.java:23)oggger - *Providing User details*
14:31:47.326 [main] INFO  testCases.TC001_AccountRegistrationTest.verify_account_registration(TC001_AccountRegistrationTest.java:33)oggger - *Validating expected meesage*
14:31:47.348 [main] ERROR testCases.TC001_AccountRegistrationTest.verify_account_registration(TC001_AccountRegistrationTest.java:40)oggger - *Test failed*
14:31:47.348 [main] DEBUG testCases.TC001_AccountRegistrationTest.verify_account_registration(TC001_AccountRegistrationTest.java:41)oggger - *debug logs
14:31:47.350 [main] INFO  testCases.TC001_AccountRegistrationTest.verify_account_registration(TC001_AccountRegistrationTest.java:50)oggger - *Test case finshed*
14:31:47.617 [main] INFO  org.testng.log4testng.Logger.info(Logger.java:112)oggger - [TestNG] Time taken by org.testng.reporters.jq.Main@4c27d39d: 36 ms
14:31:47.618 [main] INFO  org.testng.log4testng.Logger.info(Logger.java:112)oggger - [TestNG] Time taken by org.testng.reporters.FailedReporter@15923407: 1 ms
14:31:47.622 [main] INFO  org.testng.log4testng.Logger.info(Logger.java:112)oggger - [TestNG] Time taken by org.testng.reporters.XMLReporter@562c877a: 3 ms
14:31:47.626 [main] INFO  org.testng.log4testng.Logger.info(Logger.java:112)oggger - [TestNG] Time taken by org.testng.reporters.EmailableReporter2@3a022576: 4 ms
14:31:47.631 [main] INFO  org.testng.log4testng.Logger.info(Logger.java:112)oggger - [TestNG] Time taken by org.testng.reporters.JUnitReportReporter@1cbb3d3b: 4 ms
14:31:47.631 [main] INFO  org.testng.log4testng.Logger.info(Logger.java:112)oggger - [TestNG] Time taken by org.testng.internal.ExitCodeListener@529cfee5: 0 ms
14:32:36.835 [main] DEBUG org.testng.log4testng.Logger.debug(Logger.java:82)oggger - suiteXmlPath: "C:\Users\jampa\AppData\Local\Temp\testng-eclipse-416752444\testng-customsuite.xml"
14:32:36.988 [main] INFO  org.testng.log4testng.Logger.info(Logger.java:112)oggger - [Utils] MethodGroupsHelper.collectMethodsByGroup() took 1 ms.
14:32:36.990 [main] INFO  org.testng.log4testng.Logger.info(Logger.java:112)oggger - [Utils] MethodGroupsHelper.sortMethods() took 1 ms.
14:32:36.991 [main] INFO  org.testng.log4testng.Logger.info(Logger.java:112)oggger - [Utils] MethodGroupsHelper.collectMethodsByGroup() took 0 ms.
14:32:36.992 [main] INFO  org.testng.log4testng.Logger.info(Logger.java:112)oggger - [Utils] MethodGroupsHelper.sortMethods() took 0 ms.
14:32:36.992 [main] INFO  org.testng.log4testng.Logger.info(Logger.java:112)oggger - [Utils] MethodGroupsHelper.collectMethodsByGroup() took 0 ms.
14:32:36.992 [main] INFO  org.testng.log4testng.Logger.info(Logger.java:112)oggger - [Utils] MethodGroupsHelper.sortMethods() took 0 ms.
14:32:36.992 [main] INFO  org.testng.log4testng.Logger.info(Logger.java:112)oggger - [Utils] MethodGroupsHelper.collectMethodsByGroup() took 0 ms.
14:32:36.993 [main] INFO  org.testng.log4testng.Logger.info(Logger.java:112)oggger - [Utils] MethodGroupsHelper.sortMethods() took 0 ms.
14:32:36.997 [main] INFO  org.testng.log4testng.Logger.info(Logger.java:112)oggger - [Utils] MethodGroupsHelper.collectMethodsByGroup() took 3 ms.
14:32:37.003 [main] INFO  org.testng.log4testng.Logger.info(Logger.java:112)oggger - [Utils] MethodGroupsHelper.sortMethods() took 5 ms.
14:32:37.004 [main] INFO  org.testng.log4testng.Logger.info(Logger.java:112)oggger - [Utils] MethodGroupsHelper.collectMethodsByGroup() took 0 ms.
14:32:37.004 [main] INFO  org.testng.log4testng.Logger.info(Logger.java:112)oggger - [Utils] MethodGroupsHelper.sortMethods() took 0 ms.
14:32:37.005 [main] INFO  org.testng.log4testng.Logger.info(Logger.java:112)oggger - [Utils] MethodGroupsHelper.collectMethodsByGroup() took 0 ms.
14:32:37.005 [main] INFO  org.testng.log4testng.Logger.info(Logger.java:112)oggger - [Utils] MethodGroupsHelper.sortMethods() took 0 ms.
14:32:37.005 [main] INFO  org.testng.log4testng.Logger.info(Logger.java:112)oggger - [Utils] MethodGroupsHelper.collectMethodsByGroup() took 0 ms.
14:32:37.005 [main] INFO  org.testng.log4testng.Logger.info(Logger.java:112)oggger - [Utils] MethodGroupsHelper.sortMethods() took 0 ms.
14:32:37.007 [main] INFO  org.testng.log4testng.Logger.info(Logger.java:112)oggger - [Utils] MethodGroupsHelper.collectMethodsByGroup() took 0 ms.
14:32:37.007 [main] INFO  org.testng.log4testng.Logger.info(Logger.java:112)oggger - [Utils] MethodGroupsHelper.sortMethods() took 0 ms.
14:32:37.008 [main] INFO  org.testng.log4testng.Logger.info(Logger.java:112)oggger - [Utils] MethodGroupsHelper.collectMethodsByGroup() took 0 ms.
14:32:37.008 [main] INFO  org.testng.log4testng.Logger.info(Logger.java:112)oggger - [Utils] MethodGroupsHelper.sortMethods() took 0 ms.
14:32:37.010 [main] INFO  org.testng.log4testng.Logger.info(Logger.java:112)oggger - [Utils] MethodGroupsHelper.collectMethodsByGroup() took 0 ms.
14:32:37.010 [main] INFO  org.testng.log4testng.Logger.info(Logger.java:112)oggger - [Utils] MethodGroupsHelper.sortMethods() took 0 ms.
14:32:37.010 [main] INFO  org.testng.log4testng.Logger.info(Logger.java:112)oggger - [Utils] MethodGroupsHelper.collectMethodsByGroup() took 0 ms.
14:32:37.010 [main] INFO  org.testng.log4testng.Logger.info(Logger.java:112)oggger - [Utils] MethodGroupsHelper.sortMethods() took 0 ms.
14:32:37.011 [main] INFO  org.testng.log4testng.Logger.info(Logger.java:112)oggger - [Utils] MethodGroupsHelper.collectMethodsByGroup() took 1 ms.
14:32:37.011 [main] INFO  org.testng.log4testng.Logger.info(Logger.java:112)oggger - [Utils] MethodGroupsHelper.sortMethods() took 0 ms.
14:32:37.012 [main] INFO  org.testng.log4testng.Logger.info(Logger.java:112)oggger - [Utils] MethodGroupsHelper.collectMethodsByGroup() took 0 ms.
14:32:37.012 [main] INFO  org.testng.log4testng.Logger.info(Logger.java:112)oggger - [Utils] MethodGroupsHelper.sortMethods() took 0 ms.
14:32:37.012 [main] INFO  org.testng.log4testng.Logger.info(Logger.java:112)oggger - [Utils] MethodGroupsHelper.collectMethodsByGroup() took 0 ms.
14:32:37.012 [main] INFO  org.testng.log4testng.Logger.info(Logger.java:112)oggger - [Utils] MethodGroupsHelper.sortMethods() took 0 ms.
14:32:37.018 [main] INFO  org.testng.log4testng.Logger.info(Logger.java:112)oggger - [TestNG] Running:
  C:\Users\jampa\AppData\Local\Temp\testng-eclipse-416752444\testng-customsuite.xml

14:32:37.033 [main] INFO  org.testng.log4testng.Logger.info(Logger.java:112)oggger - [Utils] DynamicGraphHelper.createDynamicGraph() took 3 ms.
14:32:38.628 [main] INFO  testCases.TC001_AccountRegistrationTest.verify_account_registration(TC001_AccountRegistrationTest.java:15)oggger - ****Started TC001_AccountRegistrationTest Test case
14:32:38.703 [main] INFO  testCases.TC001_AccountRegistrationTest.verify_account_registration(TC001_AccountRegistrationTest.java:19)oggger - *Clicked on Account*
14:32:38.949 [main] INFO  testCases.TC001_AccountRegistrationTest.verify_account_registration(TC001_AccountRegistrationTest.java:21)oggger - *Clicked on Register*
14:32:38.950 [main] INFO  testCases.TC001_AccountRegistrationTest.verify_account_registration(TC001_AccountRegistrationTest.java:23)oggger - *Providing User details*
14:32:39.910 [main] INFO  testCases.TC001_AccountRegistrationTest.verify_account_registration(TC001_AccountRegistrationTest.java:33)oggger - *Validating expected meesage*
14:32:39.936 [main] ERROR testCases.TC001_AccountRegistrationTest.verify_account_registration(TC001_AccountRegistrationTest.java:40)oggger - *Test failed*
14:32:39.936 [main] DEBUG testCases.TC001_AccountRegistrationTest.verify_account_registration(TC001_AccountRegistrationTest.java:41)oggger - *debug logs
14:32:40.214 [main] INFO  org.testng.log4testng.Logger.info(Logger.java:112)oggger - [TestNG] Time taken by org.testng.reporters.jq.Main@73a00e09: 36 ms
14:32:40.223 [main] INFO  org.testng.log4testng.Logger.info(Logger.java:112)oggger - [TestNG] Time taken by org.testng.reporters.FailedReporter@24097e9b: 9 ms
14:32:40.230 [main] INFO  org.testng.log4testng.Logger.info(Logger.java:112)oggger - [TestNG] Time taken by org.testng.reporters.XMLReporter@5ac7aa18: 6 ms
14:32:40.234 [main] INFO  org.testng.log4testng.Logger.info(Logger.java:112)oggger - [TestNG] Time taken by org.testng.reporters.EmailableReporter2@1d12b024: 3 ms
14:32:40.241 [main] INFO  org.testng.log4testng.Logger.info(Logger.java:112)oggger - [TestNG] Time taken by org.testng.reporters.JUnitReportReporter@4e628b52: 7 ms
14:32:40.241 [main] INFO  org.testng.log4testng.Logger.info(Logger.java:112)oggger - [TestNG] Time taken by org.testng.internal.ExitCodeListener@51ec2df1: 0 ms
15:00:23.042 [main] DEBUG org.testng.log4testng.Logger.debug(Logger.java:82)oggger - suiteXmlPath: "D:\Java-Selinium-Learning\Opencart_HybribFarmework\master.xml"
15:00:23.212 [main] INFO  org.testng.log4testng.Logger.info(Logger.java:112)oggger - [TestNG] Running:
  D:\Java-Selinium-Learning\Opencart_HybribFarmework\master.xml

15:00:25.017 [main] INFO  testCases.TC001_AccountRegistrationTest.verify_account_registration(TC001_AccountRegistrationTest.java:15)oggger - ****Started TC001_AccountRegistrationTest Test case
15:00:25.084 [main] INFO  testCases.TC001_AccountRegistrationTest.verify_account_registration(TC001_AccountRegistrationTest.java:19)oggger - *Clicked on Account*
15:00:25.328 [main] INFO  testCases.TC001_AccountRegistrationTest.verify_account_registration(TC001_AccountRegistrationTest.java:21)oggger - *Clicked on Register*
15:00:25.330 [main] INFO  testCases.TC001_AccountRegistrationTest.verify_account_registration(TC001_AccountRegistrationTest.java:23)oggger - *Providing User details*
15:00:26.325 [main] INFO  testCases.TC001_AccountRegistrationTest.verify_account_registration(TC001_AccountRegistrationTest.java:33)oggger - *Validating expected meesage*
15:00:26.351 [main] ERROR testCases.TC001_AccountRegistrationTest.verify_account_registration(TC001_AccountRegistrationTest.java:40)oggger - *Test failed*
15:00:26.351 [main] DEBUG testCases.TC001_AccountRegistrationTest.verify_account_registration(TC001_AccountRegistrationTest.java:41)oggger - *debug logs
15:01:05.130 [main] DEBUG org.testng.log4testng.Logger.debug(Logger.java:82)oggger - suiteXmlPath: "D:\Java-Selinium-Learning\Opencart_HybribFarmework\master.xml"
15:01:05.311 [main] INFO  org.testng.log4testng.Logger.info(Logger.java:112)oggger - [TestNG] Running:
  D:\Java-Selinium-Learning\Opencart_HybribFarmework\master.xml

15:01:07.006 [main] INFO  testCases.TC001_AccountRegistrationTest.verify_account_registration(TC001_AccountRegistrationTest.java:15)oggger - ****Started TC001_AccountRegistrationTest Test case
15:01:07.091 [main] INFO  testCases.TC001_AccountRegistrationTest.verify_account_registration(TC001_AccountRegistrationTest.java:19)oggger - *Clicked on Account*
15:01:07.349 [main] INFO  testCases.TC001_AccountRegistrationTest.verify_account_registration(TC001_AccountRegistrationTest.java:21)oggger - *Clicked on Register*
15:01:07.351 [main] INFO  testCases.TC001_AccountRegistrationTest.verify_account_registration(TC001_AccountRegistrationTest.java:23)oggger - *Providing User details*
15:01:08.333 [main] INFO  testCases.TC001_AccountRegistrationTest.verify_account_registration(TC001_AccountRegistrationTest.java:33)oggger - *Validating expected meesage*
15:01:08.362 [main] INFO  testCases.TC001_AccountRegistrationTest.verify_account_registration(TC001_AccountRegistrationTest.java:50)oggger - *Test case finshed*
15:03:05.643 [main] DEBUG org.testng.log4testng.Logger.debug(Logger.java:82)oggger - suiteXmlPath: "D:\Java-Selinium-Learning\Opencart_HybribFarmework\crossbrowsertesting.xml"
15:03:05.819 [main] INFO  org.testng.log4testng.Logger.info(Logger.java:112)oggger - [TestNG] Running:
  D:\Java-Selinium-Learning\Opencart_HybribFarmework\crossbrowsertesting.xml

15:03:07.735 [main] INFO  testCases.TC001_AccountRegistrationTest.verify_account_registration(TC001_AccountRegistrationTest.java:15)oggger - ****Started TC001_AccountRegistrationTest Test case
15:03:07.998 [main] INFO  testCases.TC001_AccountRegistrationTest.verify_account_registration(TC001_AccountRegistrationTest.java:19)oggger - *Clicked on Account*
15:03:08.270 [main] INFO  testCases.TC001_AccountRegistrationTest.verify_account_registration(TC001_AccountRegistrationTest.java:21)oggger - *Clicked on Register*
15:03:08.273 [main] INFO  testCases.TC001_AccountRegistrationTest.verify_account_registration(TC001_AccountRegistrationTest.java:23)oggger - *Providing User details*
15:03:09.230 [main] INFO  testCases.TC001_AccountRegistrationTest.verify_account_registration(TC001_AccountRegistrationTest.java:33)oggger - *Validating expected meesage*
15:03:09.252 [main] INFO  testCases.TC001_AccountRegistrationTest.verify_account_registration(TC001_AccountRegistrationTest.java:50)oggger - *Test case finshed*
15:03:12.074 [main] INFO  testCases.TC001_AccountRegistrationTest.verify_account_registration(TC001_AccountRegistrationTest.java:15)oggger - ****Started TC001_AccountRegistrationTest Test case
15:03:12.192 [main] INFO  testCases.TC001_AccountRegistrationTest.verify_account_registration(TC001_AccountRegistrationTest.java:19)oggger - *Clicked on Account*
15:03:12.452 [main] INFO  testCases.TC001_AccountRegistrationTest.verify_account_registration(TC001_AccountRegistrationTest.java:21)oggger - *Clicked on Register*
15:03:12.452 [main] INFO  testCases.TC001_AccountRegistrationTest.verify_account_registration(TC001_AccountRegistrationTest.java:23)oggger - *Providing User details*
15:03:13.445 [main] INFO  testCases.TC001_AccountRegistrationTest.verify_account_registration(TC001_AccountRegistrationTest.java:33)oggger - *Validating expected meesage*
15:03:13.470 [main] INFO  testCases.TC001_AccountRegistrationTest.verify_account_registration(TC001_AccountRegistrationTest.java:50)oggger - *Test case finshed*
15:04:19.547 [main] DEBUG org.testng.log4testng.Logger.debug(Logger.java:82)oggger - suiteXmlPath: "D:\Java-Selinium-Learning\Opencart_HybribFarmework\crossbrowsertesting.xml"
15:04:19.724 [main] INFO  org.testng.log4testng.Logger.info(Logger.java:112)oggger - [TestNG] Running:
  D:\Java-Selinium-Learning\Opencart_HybribFarmework\crossbrowsertesting.xml

15:04:21.693 [TestNG-tests-1] INFO  testCases.TC001_AccountRegistrationTest.verify_account_registration(TC001_AccountRegistrationTest.java:15)oggger - ****Started TC001_AccountRegistrationTest Test case
15:04:21.758 [TestNG-tests-2] INFO  testCases.TC001_AccountRegistrationTest.verify_account_registration(TC001_AccountRegistrationTest.java:15)oggger - ****Started TC001_AccountRegistrationTest Test case
15:04:21.822 [TestNG-tests-1] INFO  testCases.TC001_AccountRegistrationTest.verify_account_registration(TC001_AccountRegistrationTest.java:19)oggger - *Clicked on Account*
15:04:21.871 [TestNG-tests-2] INFO  testCases.TC001_AccountRegistrationTest.verify_account_registration(TC001_AccountRegistrationTest.java:19)oggger - *Clicked on Account*
15:04:22.140 [TestNG-tests-1] INFO  testCases.TC001_AccountRegistrationTest.verify_account_registration(TC001_AccountRegistrationTest.java:21)oggger - *Clicked on Register*
15:04:22.143 [TestNG-tests-1] INFO  testCases.TC001_AccountRegistrationTest.verify_account_registration(TC001_AccountRegistrationTest.java:23)oggger - *Providing User details*
15:04:22.194 [TestNG-tests-2] INFO  testCases.TC001_AccountRegistrationTest.verify_account_registration(TC001_AccountRegistrationTest.java:21)oggger - *Clicked on Register*
15:04:22.195 [TestNG-tests-2] INFO  testCases.TC001_AccountRegistrationTest.verify_account_registration(TC001_AccountRegistrationTest.java:23)oggger - *Providing User details*
15:04:23.689 [TestNG-tests-1] INFO  testCases.TC001_AccountRegistrationTest.verify_account_registration(TC001_AccountRegistrationTest.java:33)oggger - *Validating expected meesage*
15:04:23.716 [TestNG-tests-2] INFO  testCases.TC001_AccountRegistrationTest.verify_account_registration(TC001_AccountRegistrationTest.java:33)oggger - *Validating expected meesage*
15:04:23.723 [TestNG-tests-1] INFO  testCases.TC001_AccountRegistrationTest.verify_account_registration(TC001_AccountRegistrationTest.java:50)oggger - *Test case finshed*
15:04:23.746 [TestNG-tests-2] INFO  testCases.TC001_AccountRegistrationTest.verify_account_registration(TC001_AccountRegistrationTest.java:50)oggger - *Test case finshed*
15:19:51.530 [main] DEBUG org.testng.log4testng.Logger.debug(Logger.java:82)oggger - suiteXmlPath: "D:\Java-Selinium-Learning\Opencart_HybribFarmework\master.xml"
15:19:51.703 [main] INFO  org.testng.log4testng.Logger.info(Logger.java:112)oggger - [TestNG] Running:
  D:\Java-Selinium-Learning\Opencart_HybribFarmework\master.xml

15:19:53.419 [main] INFO  testCases.TC001_AccountRegistrationTest.verify_account_registration(TC001_AccountRegistrationTest.java:15)oggger - ****Started TC001_AccountRegistrationTest Test case
15:19:53.492 [main] INFO  testCases.TC001_AccountRegistrationTest.verify_account_registration(TC001_AccountRegistrationTest.java:19)oggger - *Clicked on Account*
15:19:53.749 [main] INFO  testCases.TC001_AccountRegistrationTest.verify_account_registration(TC001_AccountRegistrationTest.java:21)oggger - *Clicked on Register*
15:19:53.752 [main] INFO  testCases.TC001_AccountRegistrationTest.verify_account_registration(TC001_AccountRegistrationTest.java:23)oggger - *Providing User details*
15:19:54.789 [main] INFO  testCases.TC001_AccountRegistrationTest.verify_account_registration(TC001_AccountRegistrationTest.java:33)oggger - *Validating expected meesage*
15:19:54.816 [main] INFO  testCases.TC001_AccountRegistrationTest.verify_account_registration(TC001_AccountRegistrationTest.java:50)oggger - *Test case finshed*
09:52:59.080 [main] DEBUG org.testng.log4testng.Logger.debug(Logger.java:82)oggger - suiteXmlPath: "D:\Java-Selinium-Learning\Opencart_HybribFarmework\master.xml"
09:52:59.246 [main] INFO  org.testng.log4testng.Logger.info(Logger.java:112)oggger - [TestNG] Running:
  D:\Java-Selinium-Learning\Opencart_HybribFarmework\master.xml

09:53:59.999 [main] DEBUG org.testng.log4testng.Logger.debug(Logger.java:82)oggger - suiteXmlPath: "D:\Java-Selinium-Learning\Opencart_HybribFarmework\master.xml"
09:54:00.165 [main] INFO  org.testng.log4testng.Logger.info(Logger.java:112)oggger - [TestNG] Running:
  D:\Java-Selinium-Learning\Opencart_HybribFarmework\master.xml

09:56:30.395 [main] DEBUG org.testng.log4testng.Logger.debug(Logger.java:82)oggger - suiteXmlPath: "D:\Java-Selinium-Learning\Opencart_HybribFarmework\master.xml"
09:56:30.562 [main] INFO  org.testng.log4testng.Logger.info(Logger.java:112)oggger - [TestNG] Running:
  D:\Java-Selinium-Learning\Opencart_HybribFarmework\master.xml

09:56:40.867 [main] INFO  testCases.TC001_AccountRegistrationTest.verify_account_registration(TC001_AccountRegistrationTest.java:15)oggger - ****Started TC001_AccountRegistrationTest Test case
09:56:40.947 [main] INFO  testCases.TC001_AccountRegistrationTest.verify_account_registration(TC001_AccountRegistrationTest.java:19)oggger - *Clicked on Account*
09:56:41.397 [main] INFO  testCases.TC001_AccountRegistrationTest.verify_account_registration(TC001_AccountRegistrationTest.java:21)oggger - *Clicked on Register*
09:56:41.399 [main] INFO  testCases.TC001_AccountRegistrationTest.verify_account_registration(TC001_AccountRegistrationTest.java:23)oggger - *Providing User details*
09:56:42.461 [main] INFO  testCases.TC001_AccountRegistrationTest.verify_account_registration(TC001_AccountRegistrationTest.java:33)oggger - *Validating expected meesage*
09:56:42.483 [main] INFO  testCases.TC001_AccountRegistrationTest.verify_account_registration(TC001_AccountRegistrationTest.java:50)oggger - *Test case finshed*
09:58:25.341 [main] DEBUG org.testng.log4testng.Logger.debug(Logger.java:82)oggger - suiteXmlPath: "D:\Java-Selinium-Learning\Opencart_HybribFarmework\master.xml"
09:58:25.503 [main] INFO  org.testng.log4testng.Logger.info(Logger.java:112)oggger - [TestNG] Running:
  D:\Java-Selinium-Learning\Opencart_HybribFarmework\master.xml

09:59:45.684 [main] DEBUG org.testng.log4testng.Logger.debug(Logger.java:82)oggger - suiteXmlPath: "D:\Java-Selinium-Learning\Opencart_HybribFarmework\master.xml"
09:59:45.859 [main] INFO  org.testng.log4testng.Logger.info(Logger.java:112)oggger - [TestNG] Running:
  D:\Java-Selinium-Learning\Opencart_HybribFarmework\master.xml

09:59:48.277 [main] INFO  testCases.TC002_LoginTest.verifyLogin(TC002_LoginTest.java:14)oggger - *** Started TC002_LoginTest*** 
10:01:50.822 [main] DEBUG org.testng.log4testng.Logger.debug(Logger.java:82)oggger - suiteXmlPath: "D:\Java-Selinium-Learning\Opencart_HybribFarmework\master.xml"
10:01:50.994 [main] INFO  org.testng.log4testng.Logger.info(Logger.java:112)oggger - [TestNG] Running:
  D:\Java-Selinium-Learning\Opencart_HybribFarmework\master.xml

10:01:53.483 [main] INFO  testCases.TC002_LoginTest.verifyLogin(TC002_LoginTest.java:14)oggger - *** Started TC002_LoginTest*** 
10:03:04.225 [main] DEBUG org.testng.log4testng.Logger.debug(Logger.java:82)oggger - suiteXmlPath: "D:\Java-Selinium-Learning\Opencart_HybribFarmework\master.xml"
10:03:04.396 [main] INFO  org.testng.log4testng.Logger.info(Logger.java:112)oggger - [TestNG] Running:
  D:\Java-Selinium-Learning\Opencart_HybribFarmework\master.xml

10:03:07.214 [main] INFO  testCases.TC002_LoginTest.verifyLogin(TC002_LoginTest.java:14)oggger - *** Started TC002_LoginTest*** 
10:03:31.490 [main] DEBUG org.testng.log4testng.Logger.debug(Logger.java:82)oggger - suiteXmlPath: "D:\Java-Selinium-Learning\Opencart_HybribFarmework\master.xml"
10:03:31.666 [main] INFO  org.testng.log4testng.Logger.info(Logger.java:112)oggger - [TestNG] Running:
  D:\Java-Selinium-Learning\Opencart_HybribFarmework\master.xml

10:03:34.035 [main] INFO  testCases.TC002_LoginTest.verifyLogin(TC002_LoginTest.java:14)oggger - *** Started TC002_LoginTest*** 
10:04:47.459 [main] DEBUG org.testng.log4testng.Logger.debug(Logger.java:82)oggger - suiteXmlPath: "D:\Java-Selinium-Learning\Opencart_HybribFarmework\master.xml"
10:04:47.637 [main] INFO  org.testng.log4testng.Logger.info(Logger.java:112)oggger - [TestNG] Running:
  D:\Java-Selinium-Learning\Opencart_HybribFarmework\master.xml

10:04:49.678 [main] INFO  testCases.TC002_LoginTest.verifyLogin(TC002_LoginTest.java:14)oggger - *** Started TC002_LoginTest*** 
10:05:42.640 [main] DEBUG org.testng.log4testng.Logger.debug(Logger.java:82)oggger - suiteXmlPath: "D:\Java-Selinium-Learning\Opencart_HybribFarmework\master.xml"
10:05:42.821 [main] INFO  org.testng.log4testng.Logger.info(Logger.java:112)oggger - [TestNG] Running:
  D:\Java-Selinium-Learning\Opencart_HybribFarmework\master.xml

10:05:44.980 [main] INFO  testCases.TC002_LoginTest.verifyLogin(TC002_LoginTest.java:14)oggger - *** Started TC002_LoginTest*** 
10:07:02.758 [main] DEBUG org.testng.log4testng.Logger.debug(Logger.java:82)oggger - suiteXmlPath: "D:\Java-Selinium-Learning\Opencart_HybribFarmework\master.xml"
10:07:02.935 [main] INFO  org.testng.log4testng.Logger.info(Logger.java:112)oggger - [TestNG] Running:
  D:\Java-Selinium-Learning\Opencart_HybribFarmework\master.xml

10:07:05.230 [main] INFO  testCases.TC002_LoginTest.verifyLogin(TC002_LoginTest.java:14)oggger - *** Started TC002_LoginTest*** 
10:07:06.402 [main] INFO  testCases.TC002_LoginTest.verifyLogin(TC002_LoginTest.java:30)oggger - *** Ended TC002_LoginTest*** 
14:15:44.125 [main] DEBUG org.testng.log4testng.Logger.debug(Logger.java:82)oggger - suiteXmlPath: "D:\Java-Selinium-Learning\Opencart_HybribFarmework\master.xml"
14:15:44.331 [main] INFO  org.testng.log4testng.Logger.info(Logger.java:112)oggger - [TestNG] Running:
  D:\Java-Selinium-Learning\Opencart_HybribFarmework\master.xml

14:15:49.332 [main] DEBUG org.apache.poi.openxml4j.opc.PackageRelationshipCollection.parseRelationshipsPart(PackageRelationshipCollection.java:307)oggger - Parsing relationship: /xl/_rels/workbook.xml.rels
14:15:49.335 [main] DEBUG org.apache.poi.openxml4j.opc.PackageRelationshipCollection.parseRelationshipsPart(PackageRelationshipCollection.java:307)oggger - Parsing relationship: /_rels/.rels
14:15:49.675 [main] DEBUG org.apache.poi.openxml4j.opc.PackageRelationshipCollection.parseRelationshipsPart(PackageRelationshipCollection.java:307)oggger - Parsing relationship: /xl/_rels/workbook.xml.rels
14:15:49.676 [main] DEBUG org.apache.poi.openxml4j.opc.PackageRelationshipCollection.parseRelationshipsPart(PackageRelationshipCollection.java:307)oggger - Parsing relationship: /_rels/.rels
14:15:49.695 [main] DEBUG org.apache.poi.openxml4j.opc.PackageRelationshipCollection.parseRelationshipsPart(PackageRelationshipCollection.java:307)oggger - Parsing relationship: /xl/_rels/workbook.xml.rels
14:15:49.696 [main] DEBUG org.apache.poi.openxml4j.opc.PackageRelationshipCollection.parseRelationshipsPart(PackageRelationshipCollection.java:307)oggger - Parsing relationship: /_rels/.rels
14:15:49.719 [main] DEBUG org.apache.poi.openxml4j.opc.PackageRelationshipCollection.parseRelationshipsPart(PackageRelationshipCollection.java:307)oggger - Parsing relationship: /xl/_rels/workbook.xml.rels
14:15:49.720 [main] DEBUG org.apache.poi.openxml4j.opc.PackageRelationshipCollection.parseRelationshipsPart(PackageRelationshipCollection.java:307)oggger - Parsing relationship: /_rels/.rels
14:15:49.741 [main] DEBUG org.apache.poi.openxml4j.opc.PackageRelationshipCollection.parseRelationshipsPart(PackageRelationshipCollection.java:307)oggger - Parsing relationship: /xl/_rels/workbook.xml.rels
14:15:49.742 [main] DEBUG org.apache.poi.openxml4j.opc.PackageRelationshipCollection.parseRelationshipsPart(PackageRelationshipCollection.java:307)oggger - Parsing relationship: /_rels/.rels
14:15:49.754 [main] DEBUG org.apache.poi.openxml4j.opc.PackageRelationshipCollection.parseRelationshipsPart(PackageRelationshipCollection.java:307)oggger - Parsing relationship: /xl/_rels/workbook.xml.rels
14:15:49.755 [main] DEBUG org.apache.poi.openxml4j.opc.PackageRelationshipCollection.parseRelationshipsPart(PackageRelationshipCollection.java:307)oggger - Parsing relationship: /_rels/.rels
14:15:49.767 [main] DEBUG org.apache.poi.openxml4j.opc.PackageRelationshipCollection.parseRelationshipsPart(PackageRelationshipCollection.java:307)oggger - Parsing relationship: /xl/_rels/workbook.xml.rels
14:15:49.767 [main] DEBUG org.apache.poi.openxml4j.opc.PackageRelationshipCollection.parseRelationshipsPart(PackageRelationshipCollection.java:307)oggger - Parsing relationship: /_rels/.rels
14:15:49.779 [main] DEBUG org.apache.poi.openxml4j.opc.PackageRelationshipCollection.parseRelationshipsPart(PackageRelationshipCollection.java:307)oggger - Parsing relationship: /xl/_rels/workbook.xml.rels
14:15:49.779 [main] DEBUG org.apache.poi.openxml4j.opc.PackageRelationshipCollection.parseRelationshipsPart(PackageRelationshipCollection.java:307)oggger - Parsing relationship: /_rels/.rels
14:15:49.789 [main] DEBUG org.apache.poi.openxml4j.opc.PackageRelationshipCollection.parseRelationshipsPart(PackageRelationshipCollection.java:307)oggger - Parsing relationship: /xl/_rels/workbook.xml.rels
14:15:49.790 [main] DEBUG org.apache.poi.openxml4j.opc.PackageRelationshipCollection.parseRelationshipsPart(PackageRelationshipCollection.java:307)oggger - Parsing relationship: /_rels/.rels
14:15:49.805 [main] DEBUG org.apache.poi.openxml4j.opc.PackageRelationshipCollection.parseRelationshipsPart(PackageRelationshipCollection.java:307)oggger - Parsing relationship: /xl/_rels/workbook.xml.rels
14:15:49.806 [main] DEBUG org.apache.poi.openxml4j.opc.PackageRelationshipCollection.parseRelationshipsPart(PackageRelationshipCollection.java:307)oggger - Parsing relationship: /_rels/.rels
14:15:49.820 [main] DEBUG org.apache.poi.openxml4j.opc.PackageRelationshipCollection.parseRelationshipsPart(PackageRelationshipCollection.java:307)oggger - Parsing relationship: /xl/_rels/workbook.xml.rels
14:15:49.821 [main] DEBUG org.apache.poi.openxml4j.opc.PackageRelationshipCollection.parseRelationshipsPart(PackageRelationshipCollection.java:307)oggger - Parsing relationship: /_rels/.rels
14:15:49.834 [main] DEBUG org.apache.poi.openxml4j.opc.PackageRelationshipCollection.parseRelationshipsPart(PackageRelationshipCollection.java:307)oggger - Parsing relationship: /xl/_rels/workbook.xml.rels
14:15:49.834 [main] DEBUG org.apache.poi.openxml4j.opc.PackageRelationshipCollection.parseRelationshipsPart(PackageRelationshipCollection.java:307)oggger - Parsing relationship: /_rels/.rels
14:15:49.844 [main] DEBUG org.apache.poi.openxml4j.opc.PackageRelationshipCollection.parseRelationshipsPart(PackageRelationshipCollection.java:307)oggger - Parsing relationship: /xl/_rels/workbook.xml.rels
14:15:49.846 [main] DEBUG org.apache.poi.openxml4j.opc.PackageRelationshipCollection.parseRelationshipsPart(PackageRelationshipCollection.java:307)oggger - Parsing relationship: /_rels/.rels
14:15:49.856 [main] DEBUG org.apache.poi.openxml4j.opc.PackageRelationshipCollection.parseRelationshipsPart(PackageRelationshipCollection.java:307)oggger - Parsing relationship: /xl/_rels/workbook.xml.rels
14:15:49.857 [main] DEBUG org.apache.poi.openxml4j.opc.PackageRelationshipCollection.parseRelationshipsPart(PackageRelationshipCollection.java:307)oggger - Parsing relationship: /_rels/.rels
14:15:49.869 [main] DEBUG org.apache.poi.openxml4j.opc.PackageRelationshipCollection.parseRelationshipsPart(PackageRelationshipCollection.java:307)oggger - Parsing relationship: /xl/_rels/workbook.xml.rels
14:15:49.869 [main] DEBUG org.apache.poi.openxml4j.opc.PackageRelationshipCollection.parseRelationshipsPart(PackageRelationshipCollection.java:307)oggger - Parsing relationship: /_rels/.rels
14:15:49.881 [main] DEBUG org.apache.poi.openxml4j.opc.PackageRelationshipCollection.parseRelationshipsPart(PackageRelationshipCollection.java:307)oggger - Parsing relationship: /xl/_rels/workbook.xml.rels
14:15:49.882 [main] DEBUG org.apache.poi.openxml4j.opc.PackageRelationshipCollection.parseRelationshipsPart(PackageRelationshipCollection.java:307)oggger - Parsing relationship: /_rels/.rels
14:15:49.890 [main] DEBUG org.apache.poi.openxml4j.opc.PackageRelationshipCollection.parseRelationshipsPart(PackageRelationshipCollection.java:307)oggger - Parsing relationship: /xl/_rels/workbook.xml.rels
14:15:49.892 [main] DEBUG org.apache.poi.openxml4j.opc.PackageRelationshipCollection.parseRelationshipsPart(PackageRelationshipCollection.java:307)oggger - Parsing relationship: /_rels/.rels
14:15:49.909 [main] INFO  testCases.TC003_LoginDDT.verify_loginDDT(TC003_LoginDDT.java:16)oggger - *** TC003_LoginDDT*** 
14:15:56.147 [main] INFO  testCases.TC003_LoginDDT.verify_loginDDT(TC003_LoginDDT.java:16)oggger - *** TC003_LoginDDT*** 
14:15:57.704 [main] INFO  testCases.TC003_LoginDDT.verify_loginDDT(TC003_LoginDDT.java:52)oggger - *** Finshed TC003_LoginDDT*** 
14:15:57.707 [main] INFO  testCases.TC003_LoginDDT.verify_loginDDT(TC003_LoginDDT.java:16)oggger - *** TC003_LoginDDT*** 
14:15:59.337 [main] INFO  testCases.TC003_LoginDDT.verify_loginDDT(TC003_LoginDDT.java:16)oggger - *** TC003_LoginDDT*** 
14:16:04.798 [main] INFO  testCases.TC003_LoginDDT.verify_loginDDT(TC003_LoginDDT.java:52)oggger - *** Finshed TC003_LoginDDT*** 
14:16:04.814 [main] INFO  testCases.TC003_LoginDDT.verify_loginDDT(TC003_LoginDDT.java:16)oggger - *** TC003_LoginDDT*** 
14:16:06.579 [main] INFO  testCases.TC003_LoginDDT.verify_loginDDT(TC003_LoginDDT.java:52)oggger - *** Finshed TC003_LoginDDT*** 
17:03:57.559 [main] DEBUG org.testng.log4testng.Logger.debug(Logger.java:82)oggger - suiteXmlPath: "D:\Java-Selinium-Learning\Opencart_HybribFarmework\grouping.xml"
17:03:57.754 [main] INFO  org.testng.log4testng.Logger.info(Logger.java:112)oggger - [TestNG] Running:
  D:\Java-Selinium-Learning\Opencart_HybribFarmework\grouping.xml

17:04:20.732 [main] DEBUG org.testng.log4testng.Logger.debug(Logger.java:82)oggger - suiteXmlPath: "D:\Java-Selinium-Learning\Opencart_HybribFarmework\grouping.xml"
17:04:20.935 [main] INFO  org.testng.log4testng.Logger.info(Logger.java:112)oggger - [TestNG] Running:
  D:\Java-Selinium-Learning\Opencart_HybribFarmework\grouping.xml

17:06:27.809 [main] DEBUG org.testng.log4testng.Logger.debug(Logger.java:82)oggger - suiteXmlPath: "D:\Java-Selinium-Learning\Opencart_HybribFarmework\grouping.xml"
17:06:28.011 [main] INFO  org.testng.log4testng.Logger.info(Logger.java:112)oggger - [TestNG] Running:
  D:\Java-Selinium-Learning\Opencart_HybribFarmework\grouping.xml

17:06:39.668 [main] INFO  testCases.TC002_LoginTest.verifyLogin(TC002_LoginTest.java:14)oggger - *** Started TC002_LoginTest*** 
17:06:41.349 [main] INFO  testCases.TC002_LoginTest.verifyLogin(TC002_LoginTest.java:30)oggger - *** Ended TC002_LoginTest*** 
17:07:52.764 [main] DEBUG org.testng.log4testng.Logger.debug(Logger.java:82)oggger - suiteXmlPath: "D:\Java-Selinium-Learning\Opencart_HybribFarmework\grouping.xml"
17:07:52.966 [main] INFO  org.testng.log4testng.Logger.info(Logger.java:112)oggger - [TestNG] Running:
  D:\Java-Selinium-Learning\Opencart_HybribFarmework\grouping.xml

17:08:42.716 [main] DEBUG org.testng.log4testng.Logger.debug(Logger.java:82)oggger - suiteXmlPath: "D:\Java-Selinium-Learning\Opencart_HybribFarmework\grouping.xml"
17:08:42.911 [main] INFO  org.testng.log4testng.Logger.info(Logger.java:112)oggger - [TestNG] Running:
  D:\Java-Selinium-Learning\Opencart_HybribFarmework\grouping.xml

17:08:55.060 [main] DEBUG org.testng.log4testng.Logger.debug(Logger.java:82)oggger - suiteXmlPath: "D:\Java-Selinium-Learning\Opencart_HybribFarmework\grouping.xml"
17:08:55.266 [main] INFO  org.testng.log4testng.Logger.info(Logger.java:112)oggger - [TestNG] Running:
  D:\Java-Selinium-Learning\Opencart_HybribFarmework\grouping.xml

17:09:10.720 [main] DEBUG org.testng.log4testng.Logger.debug(Logger.java:82)oggger - suiteXmlPath: "D:\Java-Selinium-Learning\Opencart_HybribFarmework\grouping.xml"
17:09:10.910 [main] INFO  org.testng.log4testng.Logger.info(Logger.java:112)oggger - [TestNG] Running:
  D:\Java-Selinium-Learning\Opencart_HybribFarmework\grouping.xml

17:09:52.441 [main] DEBUG org.testng.log4testng.Logger.debug(Logger.java:82)oggger - suiteXmlPath: "D:\Java-Selinium-Learning\Opencart_HybribFarmework\grouping.xml"
17:09:52.645 [main] INFO  org.testng.log4testng.Logger.info(Logger.java:112)oggger - [TestNG] Running:
  D:\Java-Selinium-Learning\Opencart_HybribFarmework\grouping.xml

17:11:29.907 [main] DEBUG org.testng.log4testng.Logger.debug(Logger.java:82)oggger - suiteXmlPath: "D:\Java-Selinium-Learning\Opencart_HybribFarmework\master.xml"
17:11:30.100 [main] INFO  org.testng.log4testng.Logger.info(Logger.java:112)oggger - [TestNG] Running:
  D:\Java-Selinium-Learning\Opencart_HybribFarmework\master.xml

17:11:33.571 [main] INFO  testCases.TC001_AccountRegistrationTest.verify_account_registration(TC001_AccountRegistrationTest.java:15)oggger - ****Started TC001_AccountRegistrationTest Test case
17:11:33.659 [main] INFO  testCases.TC001_AccountRegistrationTest.verify_account_registration(TC001_AccountRegistrationTest.java:19)oggger - *Clicked on Account*
17:11:34.166 [main] INFO  testCases.TC001_AccountRegistrationTest.verify_account_registration(TC001_AccountRegistrationTest.java:21)oggger - *Clicked on Register*
17:11:34.167 [main] INFO  testCases.TC001_AccountRegistrationTest.verify_account_registration(TC001_AccountRegistrationTest.java:23)oggger - *Providing User details*
17:11:35.506 [main] INFO  testCases.TC001_AccountRegistrationTest.verify_account_registration(TC001_AccountRegistrationTest.java:33)oggger - *Validating expected meesage*
17:11:35.534 [main] INFO  testCases.TC001_AccountRegistrationTest.verify_account_registration(TC001_AccountRegistrationTest.java:50)oggger - *Test case finshed*
17:12:09.733 [main] DEBUG org.testng.log4testng.Logger.debug(Logger.java:82)oggger - suiteXmlPath: "D:\Java-Selinium-Learning\Opencart_HybribFarmework\grouping.xml"
17:12:09.938 [main] INFO  org.testng.log4testng.Logger.info(Logger.java:112)oggger - [TestNG] Running:
  D:\Java-Selinium-Learning\Opencart_HybribFarmework\grouping.xml

17:12:38.348 [main] DEBUG org.testng.log4testng.Logger.debug(Logger.java:82)oggger - suiteXmlPath: "D:\Java-Selinium-Learning\Opencart_HybribFarmework\grouping.xml"
17:12:38.552 [main] INFO  org.testng.log4testng.Logger.info(Logger.java:112)oggger - [TestNG] Running:
  D:\Java-Selinium-Learning\Opencart_HybribFarmework\grouping.xml

17:12:41.669 [main] INFO  testCases.TC001_AccountRegistrationTest.verify_account_registration(TC001_AccountRegistrationTest.java:15)oggger - ****Started TC001_AccountRegistrationTest Test case
17:12:41.754 [main] INFO  testCases.TC001_AccountRegistrationTest.verify_account_registration(TC001_AccountRegistrationTest.java:19)oggger - *Clicked on Account*
17:12:42.234 [main] INFO  testCases.TC001_AccountRegistrationTest.verify_account_registration(TC001_AccountRegistrationTest.java:21)oggger - *Clicked on Register*
17:12:42.235 [main] INFO  testCases.TC001_AccountRegistrationTest.verify_account_registration(TC001_AccountRegistrationTest.java:23)oggger - *Providing User details*
17:12:42.683 [main] INFO  testCases.TC001_AccountRegistrationTest.verify_account_registration(TC001_AccountRegistrationTest.java:33)oggger - *Validating expected meesage*
17:12:43.520 [main] INFO  testCases.TC001_AccountRegistrationTest.verify_account_registration(TC001_AccountRegistrationTest.java:50)oggger - *Test case finshed*
17:13:41.033 [main] DEBUG org.testng.log4testng.Logger.debug(Logger.java:82)oggger - suiteXmlPath: "D:\Java-Selinium-Learning\Opencart_HybribFarmework\grouping.xml"
17:13:41.240 [main] INFO  org.testng.log4testng.Logger.info(Logger.java:112)oggger - [TestNG] Running:
  D:\Java-Selinium-Learning\Opencart_HybribFarmework\grouping.xml

19:13:51.367 [main] DEBUG org.testng.log4testng.Logger.debug(Logger.java:82)oggger - suiteXmlPath: "D:\Java-Selinium-Learning\Opencart_HybribFarmework\grouping.xml"
19:13:51.619 [main] INFO  org.testng.log4testng.Logger.info(Logger.java:112)oggger - [TestNG] Running:
  D:\Java-Selinium-Learning\Opencart_HybribFarmework\grouping.xml

19:14:30.284 [main] DEBUG org.testng.log4testng.Logger.debug(Logger.java:82)oggger - suiteXmlPath: "D:\Java-Selinium-Learning\Opencart_HybribFarmework\grouping.xml"
19:14:30.552 [main] INFO  org.testng.log4testng.Logger.info(Logger.java:112)oggger - [TestNG] Running:
  D:\Java-Selinium-Learning\Opencart_HybribFarmework\grouping.xml

19:15:19.689 [main] DEBUG org.testng.log4testng.Logger.debug(Logger.java:82)oggger - suiteXmlPath: "D:\Java-Selinium-Learning\Opencart_HybribFarmework\grouping.xml"
19:15:19.985 [main] INFO  org.testng.log4testng.Logger.info(Logger.java:112)oggger - [TestNG] Running:
  D:\Java-Selinium-Learning\Opencart_HybribFarmework\grouping.xml

19:16:10.530 [main] INFO  testCases.TC001_AccountRegistrationTest.verify_account_registration(TC001_AccountRegistrationTest.java:15)oggger - ****Started TC001_AccountRegistrationTest Test case
19:16:10.761 [main] INFO  testCases.TC001_AccountRegistrationTest.verify_account_registration(TC001_AccountRegistrationTest.java:19)oggger - *Clicked on Account*
19:16:15.468 [main] INFO  testCases.TC001_AccountRegistrationTest.verify_account_registration(TC001_AccountRegistrationTest.java:21)oggger - *Clicked on Register*
19:16:15.474 [main] INFO  testCases.TC001_AccountRegistrationTest.verify_account_registration(TC001_AccountRegistrationTest.java:23)oggger - *Providing User details*
19:16:18.089 [main] INFO  testCases.TC001_AccountRegistrationTest.verify_account_registration(TC001_AccountRegistrationTest.java:33)oggger - *Validating expected meesage*
19:16:18.172 [main] INFO  testCases.TC001_AccountRegistrationTest.verify_account_registration(TC001_AccountRegistrationTest.java:50)oggger - *Test case finshed*
19:16:30.064 [main] INFO  testCases.TC002_LoginTest.verifyLogin(TC002_LoginTest.java:14)oggger - *** Started TC002_LoginTest*** 
19:16:32.247 [main] INFO  testCases.TC002_LoginTest.verifyLogin(TC002_LoginTest.java:30)oggger - *** Ended TC002_LoginTest*** 
19:19:58.268 [main] DEBUG org.testng.log4testng.Logger.debug(Logger.java:82)oggger - suiteXmlPath: "D:\Java-Selinium-Learning\Opencart_HybribFarmework\grouping.xml"
19:19:58.561 [main] INFO  org.testng.log4testng.Logger.info(Logger.java:112)oggger - [TestNG] Running:
  D:\Java-Selinium-Learning\Opencart_HybribFarmework\grouping.xml

19:20:02.479 [main] INFO  testCases.TC001_AccountRegistrationTest.verify_account_registration(TC001_AccountRegistrationTest.java:15)oggger - ****Started TC001_AccountRegistrationTest Test case
19:20:02.650 [main] INFO  testCases.TC001_AccountRegistrationTest.verify_account_registration(TC001_AccountRegistrationTest.java:19)oggger - *Clicked on Account*
19:20:04.121 [main] INFO  testCases.TC001_AccountRegistrationTest.verify_account_registration(TC001_AccountRegistrationTest.java:21)oggger - *Clicked on Register*
19:20:04.122 [main] INFO  testCases.TC001_AccountRegistrationTest.verify_account_registration(TC001_AccountRegistrationTest.java:23)oggger - *Providing User details*
19:20:07.818 [main] INFO  testCases.TC001_AccountRegistrationTest.verify_account_registration(TC001_AccountRegistrationTest.java:33)oggger - *Validating expected meesage*
19:20:07.883 [main] INFO  testCases.TC001_AccountRegistrationTest.verify_account_registration(TC001_AccountRegistrationTest.java:50)oggger - *Test case finshed*
19:20:11.799 [main] INFO  testCases.TC002_LoginTest.verifyLogin(TC002_LoginTest.java:14)oggger - *** Started TC002_LoginTest*** 
19:43:58.083 [main] DEBUG org.testng.log4testng.Logger.debug(Logger.java:82)oggger - suiteXmlPath: "D:\Java-Selinium-Learning\Opencart_HybribFarmework\grouping.xml"
19:43:58.419 [main] INFO  org.testng.log4testng.Logger.info(Logger.java:112)oggger - [TestNG] Running:
  D:\Java-Selinium-Learning\Opencart_HybribFarmework\grouping.xml

19:44:15.632 [main] INFO  testCases.TC001_AccountRegistrationTest.verify_account_registration(TC001_AccountRegistrationTest.java:15)oggger - ****Started TC001_AccountRegistrationTest Test case
19:44:15.868 [main] INFO  testCases.TC001_AccountRegistrationTest.verify_account_registration(TC001_AccountRegistrationTest.java:19)oggger - *Clicked on Account*
19:44:19.446 [main] INFO  testCases.TC001_AccountRegistrationTest.verify_account_registration(TC001_AccountRegistrationTest.java:21)oggger - *Clicked on Register*
19:44:19.451 [main] INFO  testCases.TC001_AccountRegistrationTest.verify_account_registration(TC001_AccountRegistrationTest.java:23)oggger - *Providing User details*
19:44:21.783 [main] INFO  testCases.TC001_AccountRegistrationTest.verify_account_registration(TC001_AccountRegistrationTest.java:33)oggger - *Validating expected meesage*
19:44:21.851 [main] INFO  testCases.TC001_AccountRegistrationTest.verify_account_registration(TC001_AccountRegistrationTest.java:50)oggger - *Test case finshed*
19:44:27.882 [main] INFO  testCases.TC002_LoginTest.verifyLogin(TC002_LoginTest.java:14)oggger - *** Started TC002_LoginTest*** 
19:51:24.261 [main] DEBUG org.testng.log4testng.Logger.debug(Logger.java:82)oggger - suiteXmlPath: "D:\Java-Selinium-Learning\Opencart_HybribFarmework\grouping.xml"
19:51:24.527 [main] INFO  org.testng.log4testng.Logger.info(Logger.java:112)oggger - [TestNG] Running:
  D:\Java-Selinium-Learning\Opencart_HybribFarmework\grouping.xml

19:51:35.234 [main] INFO  testCases.TC001_AccountRegistrationTest.verify_account_registration(TC001_AccountRegistrationTest.java:15)oggger - ****Started TC001_AccountRegistrationTest Test case
19:51:35.476 [main] INFO  testCases.TC001_AccountRegistrationTest.verify_account_registration(TC001_AccountRegistrationTest.java:19)oggger - *Clicked on Account*
19:51:40.404 [main] INFO  testCases.TC001_AccountRegistrationTest.verify_account_registration(TC001_AccountRegistrationTest.java:21)oggger - *Clicked on Register*
19:51:40.404 [main] INFO  testCases.TC001_AccountRegistrationTest.verify_account_registration(TC001_AccountRegistrationTest.java:23)oggger - *Providing User details*
19:51:42.839 [main] INFO  testCases.TC001_AccountRegistrationTest.verify_account_registration(TC001_AccountRegistrationTest.java:33)oggger - *Validating expected meesage*
19:51:42.920 [main] INFO  testCases.TC001_AccountRegistrationTest.verify_account_registration(TC001_AccountRegistrationTest.java:50)oggger - *Test case finshed*
19:51:50.160 [main] INFO  testCases.TC002_LoginTest.verifyLogin(TC002_LoginTest.java:14)oggger - *** Started TC002_LoginTest*** 
19:54:12.084 [main] DEBUG org.testng.log4testng.Logger.debug(Logger.java:82)oggger - suiteXmlPath: "D:\Java-Selinium-Learning\Opencart_HybribFarmework\grouping.xml"
19:54:12.338 [main] INFO  org.testng.log4testng.Logger.info(Logger.java:112)oggger - [TestNG] Running:
  D:\Java-Selinium-Learning\Opencart_HybribFarmework\grouping.xml

19:54:21.750 [main] INFO  testCases.TC001_AccountRegistrationTest.verify_account_registration(TC001_AccountRegistrationTest.java:15)oggger - ****Started TC001_AccountRegistrationTest Test case
19:54:21.961 [main] INFO  testCases.TC001_AccountRegistrationTest.verify_account_registration(TC001_AccountRegistrationTest.java:19)oggger - *Clicked on Account*
19:54:26.273 [main] INFO  testCases.TC001_AccountRegistrationTest.verify_account_registration(TC001_AccountRegistrationTest.java:21)oggger - *Clicked on Register*
19:54:26.278 [main] INFO  testCases.TC001_AccountRegistrationTest.verify_account_registration(TC001_AccountRegistrationTest.java:23)oggger - *Providing User details*
19:54:29.095 [main] INFO  testCases.TC001_AccountRegistrationTest.verify_account_registration(TC001_AccountRegistrationTest.java:33)oggger - *Validating expected meesage*
19:54:29.179 [main] INFO  testCases.TC001_AccountRegistrationTest.verify_account_registration(TC001_AccountRegistrationTest.java:50)oggger - *Test case finshed*
19:54:38.984 [main] INFO  testCases.TC002_LoginTest.verifyLogin(TC002_LoginTest.java:14)oggger - *** Started TC002_LoginTest*** 
19:54:40.960 [main] INFO  testCases.TC002_LoginTest.verifyLogin(TC002_LoginTest.java:30)oggger - *** Ended TC002_LoginTest*** 
12:47:20.432 [main] DEBUG org.testng.log4testng.Logger.debug(Logger.java:82)oggger - suiteXmlPath: "D:\Java-Selinium-Learning\Opencart_HybribFarmework\master.xml"
12:47:20.672 [main] INFO  org.testng.log4testng.Logger.info(Logger.java:112)oggger - [TestNG] Running:
  D:\Java-Selinium-Learning\Opencart_HybribFarmework\master.xml

12:47:28.776 [main] INFO  testCases.TC001_AccountRegistrationTest.verify_account_registration(TC001_AccountRegistrationTest.java:15)oggger - ****Started TC001_AccountRegistrationTest Test case
12:47:28.897 [main] INFO  testCases.TC001_AccountRegistrationTest.verify_account_registration(TC001_AccountRegistrationTest.java:19)oggger - *Clicked on Account*
12:47:30.741 [main] INFO  testCases.TC001_AccountRegistrationTest.verify_account_registration(TC001_AccountRegistrationTest.java:21)oggger - *Clicked on Register*
12:47:30.751 [main] INFO  testCases.TC001_AccountRegistrationTest.verify_account_registration(TC001_AccountRegistrationTest.java:23)oggger - *Providing User details*
12:47:32.703 [main] INFO  testCases.TC001_AccountRegistrationTest.verify_account_registration(TC001_AccountRegistrationTest.java:33)oggger - *Validating expected meesage*
12:47:32.774 [main] INFO  testCases.TC001_AccountRegistrationTest.verify_account_registration(TC001_AccountRegistrationTest.java:50)oggger - *Test case finshed*
13:00:10.088 [main] DEBUG org.testng.log4testng.Logger.debug(Logger.java:82)oggger - suiteXmlPath: "D:\Java-Selinium-Learning\Opencart_HybribFarmework\master.xml"
13:00:10.524 [main] INFO  org.testng.log4testng.Logger.info(Logger.java:112)oggger - [TestNG] Running:
  D:\Java-Selinium-Learning\Opencart_HybribFarmework\master.xml

13:00:15.089 [main] INFO  testCases.TC001_AccountRegistrationTest.verify_account_registration(TC001_AccountRegistrationTest.java:15)oggger - ****Started TC001_AccountRegistrationTest Test case
13:00:15.438 [main] INFO  testCases.TC001_AccountRegistrationTest.verify_account_registration(TC001_AccountRegistrationTest.java:19)oggger - *Clicked on Account*
13:00:16.201 [main] INFO  testCases.TC001_AccountRegistrationTest.verify_account_registration(TC001_AccountRegistrationTest.java:21)oggger - *Clicked on Register*
13:00:16.201 [main] INFO  testCases.TC001_AccountRegistrationTest.verify_account_registration(TC001_AccountRegistrationTest.java:23)oggger - *Providing User details*
13:00:17.750 [main] INFO  testCases.TC001_AccountRegistrationTest.verify_account_registration(TC001_AccountRegistrationTest.java:33)oggger - *Validating expected meesage*
13:00:18.881 [main] INFO  testCases.TC001_AccountRegistrationTest.verify_account_registration(TC001_AccountRegistrationTest.java:50)oggger - *Test case finshed*
17:32:16.589 [main] DEBUG org.testng.log4testng.Logger.debug(Logger.java:82)oggger - suiteXmlPath: "D:\Java-Selinium-Learning\Opencart_HybribFarmework\grid.xml"
17:32:16.795 [main] INFO  org.testng.log4testng.Logger.info(Logger.java:112)oggger - [TestNG] Running:
  D:\Java-Selinium-Learning\Opencart_HybribFarmework\grid.xml

17:32:21.281 [main] INFO  testCases.TC001_AccountRegistrationTest.verify_account_registration(TC001_AccountRegistrationTest.java:15)oggger - ****Started TC001_AccountRegistrationTest Test case
17:32:21.447 [main] INFO  testCases.TC001_AccountRegistrationTest.verify_account_registration(TC001_AccountRegistrationTest.java:19)oggger - *Clicked on Account*
17:32:22.005 [main] INFO  testCases.TC001_AccountRegistrationTest.verify_account_registration(TC001_AccountRegistrationTest.java:21)oggger - *Clicked on Register*
17:32:22.007 [main] INFO  testCases.TC001_AccountRegistrationTest.verify_account_registration(TC001_AccountRegistrationTest.java:23)oggger - *Providing User details*
17:32:23.560 [main] INFO  testCases.TC001_AccountRegistrationTest.verify_account_registration(TC001_AccountRegistrationTest.java:33)oggger - *Validating expected meesage*
17:32:23.618 [main] INFO  testCases.TC001_AccountRegistrationTest.verify_account_registration(TC001_AccountRegistrationTest.java:50)oggger - *Test case finshed*
17:32:56.905 [main] DEBUG org.testng.log4testng.Logger.debug(Logger.java:82)oggger - suiteXmlPath: "D:\Java-Selinium-Learning\Opencart_HybribFarmework\grid.xml"
17:32:57.095 [main] INFO  org.testng.log4testng.Logger.info(Logger.java:112)oggger - [TestNG] Running:
  D:\Java-Selinium-Learning\Opencart_HybribFarmework\grid.xml

17:32:59.364 [main] INFO  testCases.TC001_AccountRegistrationTest.verify_account_registration(TC001_AccountRegistrationTest.java:15)oggger - ****Started TC001_AccountRegistrationTest Test case
17:32:59.476 [main] INFO  testCases.TC001_AccountRegistrationTest.verify_account_registration(TC001_AccountRegistrationTest.java:19)oggger - *Clicked on Account*
17:32:59.866 [main] INFO  testCases.TC001_AccountRegistrationTest.verify_account_registration(TC001_AccountRegistrationTest.java:21)oggger - *Clicked on Register*
17:32:59.868 [main] INFO  testCases.TC001_AccountRegistrationTest.verify_account_registration(TC001_AccountRegistrationTest.java:23)oggger - *Providing User details*
17:33:01.227 [main] INFO  testCases.TC001_AccountRegistrationTest.verify_account_registration(TC001_AccountRegistrationTest.java:33)oggger - *Validating expected meesage*
17:33:01.274 [main] INFO  testCases.TC001_AccountRegistrationTest.verify_account_registration(TC001_AccountRegistrationTest.java:50)oggger - *Test case finshed*
17:34:13.272 [main] DEBUG org.testng.log4testng.Logger.debug(Logger.java:82)oggger - suiteXmlPath: "D:\Java-Selinium-Learning\Opencart_HybribFarmework\grid.xml"
17:34:13.483 [main] INFO  org.testng.log4testng.Logger.info(Logger.java:112)oggger - [TestNG] Running:
  D:\Java-Selinium-Learning\Opencart_HybribFarmework\grid.xml

17:34:15.738 [main] INFO  testCases.TC001_AccountRegistrationTest.verify_account_registration(TC001_AccountRegistrationTest.java:15)oggger - ****Started TC001_AccountRegistrationTest Test case
17:34:15.861 [main] INFO  testCases.TC001_AccountRegistrationTest.verify_account_registration(TC001_AccountRegistrationTest.java:19)oggger - *Clicked on Account*
17:34:16.344 [main] INFO  testCases.TC001_AccountRegistrationTest.verify_account_registration(TC001_AccountRegistrationTest.java:21)oggger - *Clicked on Register*
17:34:16.347 [main] INFO  testCases.TC001_AccountRegistrationTest.verify_account_registration(TC001_AccountRegistrationTest.java:23)oggger - *Providing User details*
17:34:17.630 [main] INFO  testCases.TC001_AccountRegistrationTest.verify_account_registration(TC001_AccountRegistrationTest.java:33)oggger - *Validating expected meesage*
17:34:17.677 [main] INFO  testCases.TC001_AccountRegistrationTest.verify_account_registration(TC001_AccountRegistrationTest.java:50)oggger - *Test case finshed*
17:35:43.059 [main] DEBUG org.testng.log4testng.Logger.debug(Logger.java:82)oggger - suiteXmlPath: "D:\Java-Selinium-Learning\Opencart_HybribFarmework\grid.xml"
17:35:43.263 [main] INFO  org.testng.log4testng.Logger.info(Logger.java:112)oggger - [TestNG] Running:
  D:\Java-Selinium-Learning\Opencart_HybribFarmework\grid.xml

17:35:46.040 [main] INFO  testCases.TC001_AccountRegistrationTest.verify_account_registration(TC001_AccountRegistrationTest.java:15)oggger - ****Started TC001_AccountRegistrationTest Test case
17:35:46.175 [main] INFO  testCases.TC001_AccountRegistrationTest.verify_account_registration(TC001_AccountRegistrationTest.java:19)oggger - *Clicked on Account*
17:35:46.692 [main] INFO  testCases.TC001_AccountRegistrationTest.verify_account_registration(TC001_AccountRegistrationTest.java:21)oggger - *Clicked on Register*
17:35:46.694 [main] INFO  testCases.TC001_AccountRegistrationTest.verify_account_registration(TC001_AccountRegistrationTest.java:23)oggger - *Providing User details*
17:35:48.145 [main] INFO  testCases.TC001_AccountRegistrationTest.verify_account_registration(TC001_AccountRegistrationTest.java:33)oggger - *Validating expected meesage*
17:35:48.196 [main] INFO  testCases.TC001_AccountRegistrationTest.verify_account_registration(TC001_AccountRegistrationTest.java:50)oggger - *Test case finshed*
17:39:47.145 [main] DEBUG org.testng.log4testng.Logger.debug(Logger.java:82)oggger - suiteXmlPath: "D:\Java-Selinium-Learning\Opencart_HybribFarmework\grid.xml"
17:39:47.356 [main] INFO  org.testng.log4testng.Logger.info(Logger.java:112)oggger - [TestNG] Running:
  D:\Java-Selinium-Learning\Opencart_HybribFarmework\grid.xml

17:39:50.268 [main] INFO  testCases.TC001_AccountRegistrationTest.verify_account_registration(TC001_AccountRegistrationTest.java:15)oggger - ****Started TC001_AccountRegistrationTest Test case
17:39:50.398 [main] INFO  testCases.TC001_AccountRegistrationTest.verify_account_registration(TC001_AccountRegistrationTest.java:19)oggger - *Clicked on Account*
17:39:51.078 [main] INFO  testCases.TC001_AccountRegistrationTest.verify_account_registration(TC001_AccountRegistrationTest.java:21)oggger - *Clicked on Register*
17:39:51.080 [main] INFO  testCases.TC001_AccountRegistrationTest.verify_account_registration(TC001_AccountRegistrationTest.java:23)oggger - *Providing User details*
17:39:52.407 [main] INFO  testCases.TC001_AccountRegistrationTest.verify_account_registration(TC001_AccountRegistrationTest.java:33)oggger - *Validating expected meesage*
17:39:52.455 [main] INFO  testCases.TC001_AccountRegistrationTest.verify_account_registration(TC001_AccountRegistrationTest.java:50)oggger - *Test case finshed*
17:39:58.102 [main] INFO  testCases.TC001_AccountRegistrationTest.verify_account_registration(TC001_AccountRegistrationTest.java:15)oggger - ****Started TC001_AccountRegistrationTest Test case
17:39:58.230 [main] INFO  testCases.TC001_AccountRegistrationTest.verify_account_registration(TC001_AccountRegistrationTest.java:19)oggger - *Clicked on Account*
17:39:59.777 [main] INFO  testCases.TC001_AccountRegistrationTest.verify_account_registration(TC001_AccountRegistrationTest.java:21)oggger - *Clicked on Register*
17:39:59.777 [main] INFO  testCases.TC001_AccountRegistrationTest.verify_account_registration(TC001_AccountRegistrationTest.java:23)oggger - *Providing User details*
17:40:01.557 [main] INFO  testCases.TC001_AccountRegistrationTest.verify_account_registration(TC001_AccountRegistrationTest.java:33)oggger - *Validating expected meesage*
17:40:01.586 [main] INFO  testCases.TC001_AccountRegistrationTest.verify_account_registration(TC001_AccountRegistrationTest.java:50)oggger - *Test case finshed*
18:45:14.617 [main] DEBUG org.testng.log4testng.Logger.debug(Logger.java:82)oggger - suiteXmlPath: "D:\Java-Selinium-Learning\Opencart_HybribFarmework\grid.xml"
18:45:14.818 [main] INFO  org.testng.log4testng.Logger.info(Logger.java:112)oggger - [TestNG] Running:
  D:\Java-Selinium-Learning\Opencart_HybribFarmework\grid.xml

18:45:21.655 [main] INFO  testCases.TC001_AccountRegistrationTest.verify_account_registration(TC001_AccountRegistrationTest.java:15)oggger - ****Started TC001_AccountRegistrationTest Test case
18:45:21.809 [main] INFO  testCases.TC001_AccountRegistrationTest.verify_account_registration(TC001_AccountRegistrationTest.java:19)oggger - *Clicked on Account*
18:45:22.681 [main] INFO  testCases.TC001_AccountRegistrationTest.verify_account_registration(TC001_AccountRegistrationTest.java:21)oggger - *Clicked on Register*
18:45:22.688 [main] INFO  testCases.TC001_AccountRegistrationTest.verify_account_registration(TC001_AccountRegistrationTest.java:23)oggger - *Providing User details*
18:45:24.568 [main] INFO  testCases.TC001_AccountRegistrationTest.verify_account_registration(TC001_AccountRegistrationTest.java:33)oggger - *Validating expected meesage*
18:45:24.629 [main] INFO  testCases.TC001_AccountRegistrationTest.verify_account_registration(TC001_AccountRegistrationTest.java:50)oggger - *Test case finshed*
18:45:32.069 [main] INFO  testCases.TC001_AccountRegistrationTest.verify_account_registration(TC001_AccountRegistrationTest.java:15)oggger - ****Started TC001_AccountRegistrationTest Test case
18:45:32.197 [main] INFO  testCases.TC001_AccountRegistrationTest.verify_account_registration(TC001_AccountRegistrationTest.java:19)oggger - *Clicked on Account*
18:45:33.260 [main] INFO  testCases.TC001_AccountRegistrationTest.verify_account_registration(TC001_AccountRegistrationTest.java:21)oggger - *Clicked on Register*
18:45:33.261 [main] INFO  testCases.TC001_AccountRegistrationTest.verify_account_registration(TC001_AccountRegistrationTest.java:23)oggger - *Providing User details*
18:45:34.473 [main] INFO  testCases.TC001_AccountRegistrationTest.verify_account_registration(TC001_AccountRegistrationTest.java:33)oggger - *Validating expected meesage*
18:45:34.505 [main] INFO  testCases.TC001_AccountRegistrationTest.verify_account_registration(TC001_AccountRegistrationTest.java:50)oggger - *Test case finshed*
18:46:43.505 [main] DEBUG org.testng.log4testng.Logger.debug(Logger.java:82)oggger - suiteXmlPath: "D:\Java-Selinium-Learning\Opencart_HybribFarmework\grid.xml"
18:46:43.713 [main] INFO  org.testng.log4testng.Logger.info(Logger.java:112)oggger - [TestNG] Running:
  D:\Java-Selinium-Learning\Opencart_HybribFarmework\grid.xml

18:46:48.231 [main] INFO  testCases.TC001_AccountRegistrationTest.verify_account_registration(TC001_AccountRegistrationTest.java:15)oggger - ****Started TC001_AccountRegistrationTest Test case
18:46:48.346 [main] INFO  testCases.TC001_AccountRegistrationTest.verify_account_registration(TC001_AccountRegistrationTest.java:19)oggger - *Clicked on Account*
18:46:49.445 [main] INFO  testCases.TC001_AccountRegistrationTest.verify_account_registration(TC001_AccountRegistrationTest.java:21)oggger - *Clicked on Register*
18:46:49.447 [main] INFO  testCases.TC001_AccountRegistrationTest.verify_account_registration(TC001_AccountRegistrationTest.java:23)oggger - *Providing User details*
18:46:50.958 [main] INFO  testCases.TC001_AccountRegistrationTest.verify_account_registration(TC001_AccountRegistrationTest.java:33)oggger - *Validating expected meesage*
18:46:51.001 [main] INFO  testCases.TC001_AccountRegistrationTest.verify_account_registration(TC001_AccountRegistrationTest.java:50)oggger - *Test case finshed*
18:46:57.140 [main] INFO  testCases.TC001_AccountRegistrationTest.verify_account_registration(TC001_AccountRegistrationTest.java:15)oggger - ****Started TC001_AccountRegistrationTest Test case
18:46:57.285 [main] INFO  testCases.TC001_AccountRegistrationTest.verify_account_registration(TC001_AccountRegistrationTest.java:19)oggger - *Clicked on Account*
18:46:58.017 [main] INFO  testCases.TC001_AccountRegistrationTest.verify_account_registration(TC001_AccountRegistrationTest.java:21)oggger - *Clicked on Register*
18:46:58.018 [main] INFO  testCases.TC001_AccountRegistrationTest.verify_account_registration(TC001_AccountRegistrationTest.java:23)oggger - *Providing User details*
18:46:59.174 [main] INFO  testCases.TC001_AccountRegistrationTest.verify_account_registration(TC001_AccountRegistrationTest.java:33)oggger - *Validating expected meesage*
18:46:59.205 [main] INFO  testCases.TC001_AccountRegistrationTest.verify_account_registration(TC001_AccountRegistrationTest.java:50)oggger - *Test case finshed*
21:02:15.537 [main] DEBUG org.testng.log4testng.Logger.debug(Logger.java:82)oggger - suiteXmlPath: "D:\Java-Selinium-Learning\Opencart_HybribFarmework\master.xml"
21:05:42.982 [main] DEBUG org.testng.log4testng.Logger.debug(Logger.java:82)oggger - suiteXmlPath: "D:\Java-Selinium-Learning\Opencart_HybribFarmework\master.xml"
21:11:59.977 [main] DEBUG org.testng.log4testng.Logger.debug(Logger.java:82)oggger - suiteXmlPath: "D:\Java-Selinium-Learning\Opencart_HybribFarmework\master.xml"
21:12:47.304 [main] DEBUG org.testng.log4testng.Logger.debug(Logger.java:82)oggger - suiteXmlPath: "D:\Java-Selinium-Learning\Opencart_HybribFarmework\master.xml"
21:12:47.492 [main] INFO  org.testng.log4testng.Logger.info(Logger.java:112)oggger - [TestNG] Running:
  D:\Java-Selinium-Learning\Opencart_HybribFarmework\master.xml

21:16:11.124 [main] INFO  testCases.TC001_AccountRegistrationTest.verify_account_registration(TC001_AccountRegistrationTest.java:15)oggger - ****Started TC001_AccountRegistrationTest Test case
21:16:11.240 [main] INFO  testCases.TC001_AccountRegistrationTest.verify_account_registration(TC001_AccountRegistrationTest.java:19)oggger - *Clicked on Account*
21:16:22.073 [main] INFO  testCases.TC001_AccountRegistrationTest.verify_account_registration(TC001_AccountRegistrationTest.java:21)oggger - *Clicked on Register*
21:16:22.075 [main] INFO  testCases.TC001_AccountRegistrationTest.verify_account_registration(TC001_AccountRegistrationTest.java:23)oggger - *Providing User details*
21:16:23.629 [main] INFO  testCases.TC001_AccountRegistrationTest.verify_account_registration(TC001_AccountRegistrationTest.java:33)oggger - *Validating expected meesage*
21:16:23.673 [main] INFO  testCases.TC001_AccountRegistrationTest.verify_account_registration(TC001_AccountRegistrationTest.java:50)oggger - *Test case finshed*
21:17:05.679 [main] DEBUG org.testng.log4testng.Logger.debug(Logger.java:82)oggger - suiteXmlPath: "D:\Java-Selinium-Learning\Opencart_HybribFarmework\master.xml"
21:17:42.587 [main] INFO  testCases.TC001_AccountRegistrationTest.verify_account_registration(TC001_AccountRegistrationTest.java:15)oggger - ****Started TC001_AccountRegistrationTest Test case
21:17:42.696 [main] INFO  testCases.TC001_AccountRegistrationTest.verify_account_registration(TC001_AccountRegistrationTest.java:19)oggger - *Clicked on Account*
21:17:48.798 [main] INFO  testCases.TC001_AccountRegistrationTest.verify_account_registration(TC001_AccountRegistrationTest.java:21)oggger - *Clicked on Register*
21:17:48.798 [main] INFO  testCases.TC001_AccountRegistrationTest.verify_account_registration(TC001_AccountRegistrationTest.java:23)oggger - *Providing User details*
21:17:49.291 [main] INFO  testCases.TC001_AccountRegistrationTest.verify_account_registration(TC001_AccountRegistrationTest.java:33)oggger - *Validating expected meesage*
21:17:50.702 [main] INFO  testCases.TC001_AccountRegistrationTest.verify_account_registration(TC001_AccountRegistrationTest.java:50)oggger - *Test case finshed*
22:08:38.428 [main] DEBUG org.testng.log4testng.Logger.debug(Logger.java:82)oggger - suiteXmlPath: "D:\Java-Selinium-Learning\Opencart_HybribFarmework\master.xml"
22:09:03.343 [main] INFO  testCases.TC001_AccountRegistrationTest.verify_account_registration(TC001_AccountRegistrationTest.java:15)oggger - ****Started TC001_AccountRegistrationTest Test case
22:09:03.469 [main] INFO  testCases.TC001_AccountRegistrationTest.verify_account_registration(TC001_AccountRegistrationTest.java:19)oggger - *Clicked on Account*
22:09:10.874 [main] INFO  testCases.TC001_AccountRegistrationTest.verify_account_registration(TC001_AccountRegistrationTest.java:21)oggger - *Clicked on Register*
22:09:10.876 [main] INFO  testCases.TC001_AccountRegistrationTest.verify_account_registration(TC001_AccountRegistrationTest.java:23)oggger - *Providing User details*
22:09:12.602 [main] INFO  testCases.TC001_AccountRegistrationTest.verify_account_registration(TC001_AccountRegistrationTest.java:33)oggger - *Validating expected meesage*
22:09:12.649 [main] INFO  testCases.TC001_AccountRegistrationTest.verify_account_registration(TC001_AccountRegistrationTest.java:50)oggger - *Test case finshed*
22:20:41.186 [main] DEBUG org.testng.log4testng.Logger.debug(Logger.java:82)oggger - suiteXmlPath: "D:\Java-Selinium-Learning\Opencart_HybribFarmework\master.xml"
22:22:22.235 [main] INFO  testCases.TC001_AccountRegistrationTest.verify_account_registration(TC001_AccountRegistrationTest.java:15)oggger - ****Started TC001_AccountRegistrationTest Test case
22:22:22.495 [main] INFO  testCases.TC001_AccountRegistrationTest.verify_account_registration(TC001_AccountRegistrationTest.java:19)oggger - *Clicked on Account*
22:22:27.784 [main] INFO  testCases.TC001_AccountRegistrationTest.verify_account_registration(TC001_AccountRegistrationTest.java:21)oggger - *Clicked on Register*
22:22:27.791 [main] INFO  testCases.TC001_AccountRegistrationTest.verify_account_registration(TC001_AccountRegistrationTest.java:23)oggger - *Providing User details*
22:22:30.710 [main] INFO  testCases.TC001_AccountRegistrationTest.verify_account_registration(TC001_AccountRegistrationTest.java:33)oggger - *Validating expected meesage*
22:22:30.797 [main] INFO  testCases.TC001_AccountRegistrationTest.verify_account_registration(TC001_AccountRegistrationTest.java:50)oggger - *Test case finshed*
